<?xml version="1.0" encoding="UTF-8"?>
<!-- Generated by org.testng.reporters.JUnitXMLReporter -->
<testsuite ignored="0" hostname="IN-PF2S9V8T" failures="0" tests="4" name="Checkbox" time="14.888" errors="0" timestamp="2023-11-29T17:16:42 IST">
  <testcase classname="testingbaba_test.check_box_test" name="checkBoxclick" time="2.021"/>
  <testcase classname="testingbaba_test.check_box_test" name="mobileClick" time="1.665"/>
  <testcase classname="testingbaba_test.check_box_test" name="laptopClick" time="0.403"/>
  <testcase classname="testingbaba_test.check_box_test" name="desktopClick" time="0.335"/>
</testsuite> <!-- Checkbox -->
