<?xml version="1.0" encoding="UTF-8"?>
<!-- Generated by org.testng.reporters.JUnitXMLReporter -->
<testsuite ignored="0" hostname="IN-PF2S9V8T" failures="0" tests="7" name="Default test" time="39.36" errors="0" timestamp="2023-12-27T19:40:44 IST">
  <testcase classname="testingbaba_test.Table_test" name="parcticeclick" time="2.795"/>
  <testcase classname="testingbaba_test.Table_test" name="elementclick" time="0.103"/>
  <testcase classname="testingbaba_test.Table_test" name="tableclick" time="0.177"/>
  <testcase classname="testingbaba_test.Table_test" name="nameget" time="6.461"/>
  <testcase classname="testingbaba_test.Table_test" name="updatedata" time="6.219"/>
  <testcase classname="testingbaba_test.Table_test" name="updateNamedata" time="0.492"/>
  <testcase classname="testingbaba_test.Table_test" name="updateEmaildata" time="0.491"/>
</testsuite> <!-- Default test -->
